<?xml version="1.0" encoding="utf-8"?><testsuites name="pytest tests"><testsuite name="pytest" errors="0" failures="0" skipped="0" tests="49" time="8.410" timestamp="2026-07-22T09:18:30.190206+00:00" hostname="agent-env-9c973ed0-dc7f-42ed-9921-38f1a1389cf4"><testcase classname="tests.test_iteration2.TestEditTransaction" name="test_patch_transaction_updates_amount_and_note" time="0.701" /><testcase classname="tests.test_iteration2.TestEditTransaction" name="test_patch_transaction_change_account_updates_name" time="0.371" /><testcase classname="tests.test_iteration2.TestRecurring" name="test_create_recurring_monthly" time="0.041" /><testcase classname="tests.test_iteration2.TestRecurring" name="test_list_recurring_contains_created" time="0.038" /><testcase classname="tests.test_iteration2.TestRecurring" name="test_run_recurring_returns_created_count" time="0.083" /><testcase classname="tests.test_iteration2.TestRecurring" name="test_auto_generated_txn_has_recurring_id" time="0.046" /><testcase classname="tests.test_iteration2.TestRecurring" name="test_toggle_active_off" time="0.078" /><testcase classname="tests.test_iteration2.TestRecurring" name="test_toggle_active_on" time="0.118" /><testcase classname="tests.test_iteration2.TestRecurring" name="test_delete_recurring" time="0.117" /><testcase classname="tests.test_iteration2.TestRecurring" name="test_run_recurring_when_no_active" time="0.041" /><testcase classname="tests.test_iteration2.TestBudgets" name="test_create_budget" time="0.129" /><testcase classname="tests.test_iteration2.TestBudgets" name="test_upsert_same_category_updates" time="0.120" /><testcase classname="tests.test_iteration2.TestBudgets" name="test_budget_progress_calculation" time="0.320" /><testcase classname="tests.test_iteration2.TestBudgets" name="test_delete_budget" time="0.160" /><testcase classname="tests.test_iteration2.TestAuthGuards" name="test_recurring_requires_auth" time="0.090" /><testcase classname="tests.test_iteration2.TestAuthGuards" name="test_budgets_requires_auth" time="0.089" /><testcase classname="tests.test_iteration2.TestAuthGuards" name="test_recurring_run_requires_auth" time="0.095" /><testcase classname="tests.test_iteration5.TestAuthMeShape" name="test_me_has_ledger_fields" time="0.392" /><testcase classname="tests.test_iteration5.TestAuthMeShape" name="test_me_current_ledger_object" time="0.000" /><testcase classname="tests.test_iteration5.TestAuthMeShape" name="test_backfilled_accounts_visible" time="0.122" /><testcase classname="tests.test_iteration5.TestAuthMeShape" name="test_backfilled_transactions_visible" time="0.044" /><testcase classname="tests.test_iteration5.TestLedgers" name="test_list_ledgers_has_personal" time="0.083" /><testcase classname="tests.test_iteration5.TestLedgers" name="test_create_shared_ledger" time="0.040" /><testcase classname="tests.test_iteration5.TestLedgers" name="test_user2_join_ledger" time="0.359" /><testcase classname="tests.test_iteration5.TestLedgers" name="test_user2_join_invalid_code_404" time="0.081" /><testcase classname="tests.test_iteration5.TestLedgers" name="test_user2_join_idempotent" time="0.042" /><testcase classname="tests.test_iteration5.TestLedgers" name="test_switch_to_shared" time="0.164" /><testcase classname="tests.test_iteration5.TestLedgers" name="test_switch_ledger_404_for_non_member" time="0.043" /><testcase classname="tests.test_iteration5.TestLedgers" name="test_shared_accounts_empty_initially" time="0.078" /><testcase classname="tests.test_iteration5.TestLedgers" name="test_data_isolation_and_shared_visibility" time="0.458" /><testcase classname="tests.test_iteration5.TestLedgers" name="test_leave_personal_forbidden" time="0.200" /><testcase classname="tests.test_iteration5.TestLedgers" name="test_owner_cannot_leave_while_others_remain" time="0.086" /><testcase classname="tests.test_iteration5.TestLedgers" name="test_user2_leave_returns_to_personal" time="0.129" /><testcase classname="tests.test_iteration5.TestLedgers" name="test_owner_can_leave_when_alone_and_data_deleted" time="0.165" /><testcase classname="tests.test_iteration5.TestExport" name="test_csv_export_headers_and_content" time="0.083" /><testcase classname="tests.test_iteration5.TestExport" name="test_csv_export_with_month_param" time="0.040" /><testcase classname="tests.test_iteration5.TestExport" name="test_pdf_export_returns_pdf" time="0.111" /><testcase classname="tests.test_iteration5.TestExport" name="test_pdf_export_with_month" time="0.050" /><testcase classname="tests.test_iteration5.TestBudgetAlerts" name="test_response_shape_wraps_transaction_and_alerts" time="0.282" /><testcase classname="tests.test_iteration5.TestBudgetAlerts" name="test_warning_alert_at_90pct" time="0.452" /><testcase classname="tests.test_iteration5.TestBudgetAlerts" name="test_over_alert_when_exceeded" time="0.490" /><testcase classname="tests.test_iteration5.TestBudgetAlerts" name="test_no_alert_under_80pct" time="0.328" /><testcase classname="tests.test_iteration5.TestBudgetAlerts" name="test_income_does_not_trigger_alerts" time="0.362" /><testcase classname="tests.test_iteration5.TestRegression" name="test_analytics_summary_ok" time="0.124" /><testcase classname="tests.test_iteration5.TestRegression" name="test_analytics_monthly_ok" time="0.161" /><testcase classname="tests.test_iteration5.TestRegression" name="test_udhaar_list_ok" time="0.101" /><testcase classname="tests.test_iteration5.TestRegression" name="test_budgets_list_ok" time="0.083" /><testcase classname="tests.test_iteration5.TestRegression" name="test_recurring_list_ok" time="0.077" /><testcase classname="tests.test_iteration5.TestRegression" name="test_ledger_endpoints_require_auth" time="0.455" /></testsuite></testsuites>