<?xml version="1.0" encoding="utf-8"?><testsuites name="pytest tests"><testsuite name="pytest" errors="0" failures="0" skipped="1" tests="5" time="1.747" timestamp="2026-08-01T09:23:36.548339+00:00" hostname="agent-env-1edaa589-651f-45c0-9e1f-6f5301a6aa01"><testcase classname="tests.test_iteration15_google_auth_error" name="test_google_auth_invalid_credential_returns_401" time="0.229" /><testcase classname="tests.test_iteration15_google_auth_error" name="test_google_auth_endpoint_reachable_no_body" time="0.093" /><testcase classname="tests.test_iteration15_google_auth_error" name="test_register_then_login" time="0.730" /><testcase classname="tests.test_iteration15_google_auth_error" name="test_auth_me" time="0.096" /><testcase classname="tests.test_iteration15_google_auth_error" name="test_pin_login_flow" time="0.302"><skipped type="pytest.skip" message="PIN set endpoint not found — skipping PIN login test">/app/backend/tests/test_iteration15_google_auth_error.py:76: PIN set endpoint not found — skipping PIN login test</skipped></testcase></testsuite></testsuites>