<?xml version="1.0" encoding="utf-8"?><testsuites name="pytest tests"><testsuite name="pytest" errors="0" failures="0" skipped="0" tests="7" time="1.457" timestamp="2026-08-01T09:01:10.700510+00:00" hostname="agent-env-1edaa589-651f-45c0-9e1f-6f5301a6aa01"><testcase classname="tests.test_iteration13_regression" name="test_customers_get_post" time="0.722" /><testcase classname="tests.test_iteration13_regression" name="test_suppliers_get" time="0.041" /><testcase classname="tests.test_iteration13_regression" name="test_invoices_get" time="0.052" /><testcase classname="tests.test_iteration13_regression" name="test_party_get" time="0.045" /><testcase classname="tests.test_iteration13_regression" name="test_party_statement_json" time="0.044" /><testcase classname="tests.test_iteration13_regression" name="test_party_statement_pdf" time="0.210" /><testcase classname="tests.test_iteration13_regression" name="test_gstin_lookup" time="0.043" /></testsuite></testsuites>