<?xml version="1.0" encoding="utf-8"?><testsuites name="pytest tests"><testsuite name="pytest" errors="0" failures="0" skipped="0" tests="13" time="1.691" timestamp="2026-07-22T16:29:19.961785+00:00" hostname="agent-env-9c973ed0-dc7f-42ed-9921-38f1a1389cf4"><testcase classname="tests.test_iteration8_smoke" name="test_root_health" time="0.500" /><testcase classname="tests.test_iteration8_smoke" name="test_login_demo_user" time="0.382" /><testcase classname="tests.test_iteration8_smoke" name="test_auth_me_returns_personal_ledger" time="0.324" /><testcase classname="tests.test_iteration8_smoke" name="test_accounts_list" time="0.065" /><testcase classname="tests.test_iteration8_smoke" name="test_transactions_list" time="0.057" /><testcase classname="tests.test_iteration8_smoke" name="test_analytics_summary" time="0.058" /><testcase classname="tests.test_iteration8_mongo_url_validation" name="test_valid_mongodb_scheme_passes" time="0.016" /><testcase classname="tests.test_iteration8_mongo_url_validation" name="test_valid_srv_scheme_passes" time="0.015" /><testcase classname="tests.test_iteration8_mongo_url_validation" name="test_strips_surrounding_double_quotes" time="0.015" /><testcase classname="tests.test_iteration8_mongo_url_validation" name="test_strips_surrounding_single_quotes_and_whitespace" time="0.015" /><testcase classname="tests.test_iteration8_mongo_url_validation" name="test_invalid_scheme_raises_runtime_error" time="0.015" /><testcase classname="tests.test_iteration8_mongo_url_validation" name="test_empty_string_raises" time="0.015" /><testcase classname="tests.test_iteration8_mongo_url_validation" name="test_http_scheme_raises" time="0.015" /></testsuite></testsuites>