<?xml version="1.0" encoding="utf-8"?><testsuites name="pytest tests"><testsuite name="pytest" errors="0" failures="0" skipped="0" tests="28" time="9.491" timestamp="2026-07-30T17:16:52.182879+00:00" hostname="agent-env-1edaa589-651f-45c0-9e1f-6f5301a6aa01"><testcase classname="tests.test_iteration10_billing_regression.TestAuth" name="test_auth_me_returns_user" time="0.662" /><testcase classname="tests.test_iteration10_billing_regression.TestInvoiceNumbering" name="test_first_tax_invoice_feb2026_is_INV_2526_0001" time="0.118" /><testcase classname="tests.test_iteration10_billing_regression.TestInvoiceNumbering" name="test_second_tax_invoice_same_fy_is_INV_2526_0002" time="0.124" /><testcase classname="tests.test_iteration10_billing_regression.TestInvoiceNumbering" name="test_gst_invoice_uses_GST_prefix" time="0.097" /><testcase classname="tests.test_iteration10_billing_regression.TestInvoiceTemplates" name="test_create_list_delete_template" time="0.405" /><testcase classname="tests.test_iteration10_billing_regression.TestRecurringInvoices" name="test_create_list_patch_delete" time="0.839" /><testcase classname="tests.test_iteration10_billing_regression.TestWebhookSecret" name="test_rotate_returns_secret_and_url" time="0.114" /><testcase classname="tests.test_iteration10_billing_regression.TestWebhookSecret" name="test_info_reports_has_secret_true" time="0.126" /><testcase classname="tests.test_iteration10_billing_regression.TestPublicWebhooks" name="test_generic_webhook_without_signature_401" time="0.122" /><testcase classname="tests.test_iteration10_billing_regression.TestPublicWebhooks" name="test_generic_webhook_with_valid_signature_clears_invoice" time="0.216" /><testcase classname="tests.test_iteration10_billing_regression.TestPublicWebhooks" name="test_razorpay_adapter" time="0.116" /><testcase classname="tests.test_iteration10_billing_regression.TestPublicWebhooks" name="test_cashfree_adapter" time="0.123" /><testcase classname="tests.test_iteration10_billing_regression.TestPublicWebhooks" name="test_phonepe_adapter" time="0.147" /><testcase classname="tests.test_iteration10_billing_regression.TestPublicWebhooks" name="test_unknown_provider_404" time="0.115" /><testcase classname="tests.test_iteration10_billing_regression.TestCSVImport" name="test_empty_csv_400" time="0.121" /><testcase classname="tests.test_iteration10_billing_regression.TestCSVImport" name="test_hdfc_csv_imports_credit_rows_only" time="0.234" /><testcase classname="tests.test_iteration10_billing_regression.TestReconcile" name="test_reconcile_matches_by_invoice_number_or_amount" time="0.215" /><testcase classname="tests.test_iteration10_billing_regression.TestReconcile" name="test_confirm_possible_match" time="1.688" /><testcase classname="tests.test_iteration10_billing_regression.TestOverdueDigest" name="test_preview_returns_html" time="0.117" /><testcase classname="tests.test_iteration10_billing_regression.TestOverdueDigest" name="test_send_returns_503_with_placeholder_key" time="0.205" /><testcase classname="tests.test_iteration10_billing_regression.TestWebhookHealth" name="test_health_returns_all_providers" time="0.123" /><testcase classname="tests.test_iteration10_billing_regression.TestPatchNotFound" name="test_account_patch_404" time="0.117" /><testcase classname="tests.test_iteration10_billing_regression.TestPatchNotFound" name="test_kid_patch_404" time="0.132" /><testcase classname="tests.test_iteration10_billing_regression.TestPatchNotFound" name="test_warranty_patch_404" time="0.102" /><testcase classname="tests.test_iteration10_billing_regression.TestDeleteAccountRoutes" name="test_invalid_email_422" time="0.127" /><testcase classname="tests.test_iteration10_billing_regression.TestDeleteAccountRoutes" name="test_rate_limit_5_per_hour" time="2.405" /><testcase classname="tests.test_iteration10_billing_regression.TestDeleteAccountRoutes" name="test_legacy_route_removed" time="0.124" /><testcase classname="tests.test_iteration10_billing_regression.TestDeleteAccountRoutes" name="test_zzz_canonical_delete_auth_me" time="0.365" /></testsuite></testsuites>