<?xml version="1.0" encoding="utf-8"?><testsuites name="pytest tests"><testsuite name="pytest" errors="0" failures="0" skipped="0" tests="14" time="1.700" timestamp="2026-08-01T09:12:07.839750+00:00" hostname="agent-env-1edaa589-651f-45c0-9e1f-6f5301a6aa01"><testcase classname="tests.test_iteration14_reminders" name="test_reminder_settings_default" time="0.524" /><testcase classname="tests.test_iteration14_reminders" name="test_reminder_settings_patch_and_persist" time="0.087" /><testcase classname="tests.test_iteration14_reminders" name="test_reminder_interval_clamped" time="0.137" /><testcase classname="tests.test_iteration14_reminders" name="test_send_reminder_success_with_outstanding" time="0.089" /><testcase classname="tests.test_iteration14_reminders" name="test_send_reminder_stamps_last_reminder_at" time="0.046" /><testcase classname="tests.test_iteration14_reminders" name="test_send_reminder_zero_outstanding_returns_400" time="0.088" /><testcase classname="tests.test_iteration14_reminders" name="test_send_reminder_party_not_found" time="0.044" /><testcase classname="tests.test_iteration14_reminders" name="test_invoices_get" time="0.043" /><testcase classname="tests.test_iteration14_reminders" name="test_customers_get" time="0.044" /><testcase classname="tests.test_iteration14_reminders" name="test_party_statement_json_and_pdf" time="0.154" /><testcase classname="tests.test_iteration14_reminders" name="test_gstin_lookup" time="0.043" /><testcase classname="tests.test_iteration14_reminders" name="test_convert_flow_quotation_to_tax" time="0.093" /><testcase classname="tests.test_iteration14_reminders" name="test_scheduler_registered_in_logs" time="0.000" /><testcase classname="tests.test_iteration14_reminders" name="test_security_rotation_doc_exists" time="0.001" /></testsuite></testsuites>