<?xml version="1.0" encoding="utf-8"?><testsuites name="pytest tests"><testsuite name="pytest" errors="0" failures="0" skipped="0" tests="4" time="1.113" timestamp="2026-08-01T09:33:32.759408+00:00" hostname="agent-env-1edaa589-651f-45c0-9e1f-6f5301a6aa01"><testcase classname="tests.test_iteration17_google_auth_regression.TestGoogleAuthInvalid" name="test_google_invalid_credential_returns_401" time="0.272" /><testcase classname="tests.test_iteration17_google_auth_regression.TestRegisterAndLogin" name="test_register_new_user_returns_200" time="0.498" /><testcase classname="tests.test_iteration17_google_auth_regression.TestRegisterAndLogin" name="test_login_with_registered_user_returns_200" time="0.318" /><testcase classname="tests.test_iteration17_google_auth_regression.TestGoogleOauthDoc" name="test_google_oauth_fix_doc_exists" time="0.001" /></testsuite></testsuites>