<?xml version="1.0" encoding="utf-8"?><testsuites name="pytest tests"><testsuite name="pytest" errors="0" failures="0" skipped="0" tests="19" time="6.339" timestamp="2026-07-26T17:07:34.569361+00:00" hostname="agent-env-9c973ed0-dc7f-42ed-9921-38f1a1389cf4"><testcase classname="tests.test_iteration9_google_auth.TestGoogleAuth" name="test_invalid_credential_returns_401" time="0.354" /><testcase classname="tests.test_iteration9_google_auth.TestGoogleAuth" name="test_missing_credential_returns_422" time="0.052" /><testcase classname="tests.test_iteration9_google_auth.TestGoogleAuth" name="test_empty_credential_returns_401" time="0.080" /><testcase classname="tests.test_iteration9_google_auth.TestAuthRegression" name="test_login_demo" time="0.545" /><testcase classname="tests.test_iteration9_google_auth.TestAuthRegression" name="test_register_weak_password_rejected" time="0.052" /><testcase classname="tests.test_iteration9_google_auth.TestAuthRegression" name="test_register_strong_password_ok" time="0.271" /><testcase classname="tests.test_iteration9_google_auth.TestAuthRegression" name="test_forgot_password_returns_200" time="0.049" /><testcase classname="tests.test_iteration9_google_auth.TestAuthRegression" name="test_pin_set_and_verify" time="1.041" /><testcase classname="tests.test_iteration9_google_auth.TestFeatureEndpoints" name="test_goals" time="0.047" /><testcase classname="tests.test_iteration9_google_auth.TestFeatureEndpoints" name="test_subscriptions" time="0.082" /><testcase classname="tests.test_iteration9_google_auth.TestFeatureEndpoints" name="test_analytics_health_score" time="0.058" /><testcase classname="tests.test_iteration9_google_auth.TestFeatureEndpoints" name="test_analytics_streak" time="0.061" /><testcase classname="tests.test_iteration9_google_auth.TestFeatureEndpoints" name="test_analytics_vibe_check" time="0.057" /><testcase classname="tests.test_iteration9_google_auth.TestFeatureEndpoints" name="test_ai_chat" time="2.821" /><testcase classname="tests.test_iteration9_google_auth.TestFeatureEndpoints" name="test_voice_parse_transaction" time="0.052" /><testcase classname="tests.test_iteration9_google_auth.TestMoneyEndpoints" name="test_create_emergency_account" time="0.096" /><testcase classname="tests.test_iteration9_google_auth.TestMoneyEndpoints" name="test_create_investment_account" time="0.097" /><testcase classname="tests.test_iteration9_google_auth.TestMoneyEndpoints" name="test_create_transaction" time="0.296" /><testcase classname="tests.test_iteration9_google_auth.TestGoalBreakdown" name="test_goal_with_target_date_has_breakdown" time="0.145" /></testsuite></testsuites>