<?xml version="1.0" encoding="utf-8"?><testsuites name="pytest tests"><testsuite name="pytest" errors="0" failures="0" skipped="0" tests="19" time="3.318" timestamp="2026-07-22T10:14:52.492095+00:00" hostname="agent-env-9c973ed0-dc7f-42ed-9921-38f1a1389cf4"><testcase classname="tests.test_iteration7.TestSmsParser" name="test_a_zomato_hdfc_debit" time="0.560" /><testcase classname="tests.test_iteration7.TestSmsParser" name="test_b_uber_icici" time="0.046" /><testcase classname="tests.test_iteration7.TestSmsParser" name="test_c_salary_credit" time="0.046" /><testcase classname="tests.test_iteration7.TestSmsParser" name="test_d_swiggy_instamart_amount_1200_not_120" time="0.052" /><testcase classname="tests.test_iteration7.TestSmsParser" name="test_e_amazon_axis" time="0.049" /><testcase classname="tests.test_iteration7.TestSmsParser" name="test_f_empty_text_400" time="0.090" /><testcase classname="tests.test_iteration7.TestSmsParser" name="test_g_netflix_entertainment" time="0.044" /><testcase classname="tests.test_iteration7.TestSmsParser" name="test_h_unauthenticated_returns_401" time="0.091" /><testcase classname="tests.test_iteration7.TestExportMyData" name="test_export_requires_auth" time="0.103" /><testcase classname="tests.test_iteration7.TestExportMyData" name="test_export_shape_and_keys" time="0.051" /><testcase classname="tests.test_iteration7.TestExportMyData" name="test_export_isolates_to_current_user" time="0.097" /><testcase classname="tests.test_iteration7.TestDeleteMyAccount" name="test_delete_requires_auth" time="0.085" /><testcase classname="tests.test_iteration7.TestDeleteMyAccount" name="test_full_delete_flow" time="1.421" /><testcase classname="tests.test_iteration7.TestLegalRoutes" name="test_frontend_privacy_route_reachable" time="0.131" /><testcase classname="tests.test_iteration7.TestLegalRoutes" name="test_frontend_terms_route_reachable" time="0.133" /><testcase classname="tests.test_iteration7.TestLegalRoutes" name="test_manifest_has_sms_shortcut_and_categories" time="0.088" /><testcase classname="tests.test_iteration7.TestRegressionQuick" name="test_auth_me" time="0.044" /><testcase classname="tests.test_iteration7.TestRegressionQuick" name="test_transactions_list" time="0.048" /><testcase classname="tests.test_iteration7.TestRegressionQuick" name="test_analytics_summary" time="0.048" /></testsuite></testsuites>