<?xml version="1.0" encoding="utf-8"?><testsuites name="pytest tests"><testsuite name="pytest" errors="0" failures="0" skipped="0" tests="17" time="2.499" timestamp="2026-07-22T08:00:21.570612+00:00" hostname="agent-env-9c973ed0-dc7f-42ed-9921-38f1a1389cf4"><testcase classname="tests.test_iteration2.TestBudgets" name="test_create_budget" time="0.826" /><testcase classname="tests.test_iteration2.TestRecurring" name="test_create_recurring_monthly" time="0.776" /><testcase classname="tests.test_iteration2.TestRecurring" name="test_list_recurring_contains_created" time="0.084" /><testcase classname="tests.test_iteration2.TestBudgets" name="test_upsert_same_category_updates" time="0.127" /><testcase classname="tests.test_iteration2.TestRecurring" name="test_run_recurring_returns_created_count" time="0.045" /><testcase classname="tests.test_iteration2.TestRecurring" name="test_auto_generated_txn_has_recurring_id" time="0.043" /><testcase classname="tests.test_iteration2.TestRecurring" name="test_toggle_active_off" time="0.171" /><testcase classname="tests.test_iteration2.TestBudgets" name="test_budget_progress_calculation" time="0.255" /><testcase classname="tests.test_iteration2.TestRecurring" name="test_toggle_active_on" time="0.167" /><testcase classname="tests.test_iteration2.TestBudgets" name="test_delete_budget" time="0.182" /><testcase classname="tests.test_iteration2.TestRecurring" name="test_delete_recurring" time="0.128" /><testcase classname="tests.test_iteration2.TestAuthGuards" name="test_recurring_requires_auth" time="0.145" /><testcase classname="tests.test_iteration2.TestRecurring" name="test_run_recurring_when_no_active" time="0.044" /><testcase classname="tests.test_iteration2.TestEditTransaction" name="test_patch_transaction_updates_amount_and_note" time="0.215" /><testcase classname="tests.test_iteration2.TestAuthGuards" name="test_budgets_requires_auth" time="0.161" /><testcase classname="tests.test_iteration2.TestEditTransaction" name="test_patch_transaction_change_account_updates_name" time="0.299" /><testcase classname="tests.test_iteration2.TestAuthGuards" name="test_recurring_run_requires_auth" time="0.141" /></testsuite></testsuites>