<?xml version="1.0" encoding="utf-8"?><testsuites name="pytest tests"><testsuite name="pytest" errors="0" failures="0" skipped="0" tests="13" time="2.233" timestamp="2026-07-30T19:05:40.997756+00:00" hostname="agent-env-1edaa589-651f-45c0-9e1f-6f5301a6aa01"><testcase classname="tests.test_iteration12_new_features.TestGstinLookup" name="test_valid_gstin" time="0.822" /><testcase classname="tests.test_iteration12_new_features" name="test_regression_endpoint_ok[/api/billing/invoices]" time="0.831" /><testcase classname="tests.test_iteration12_new_features.TestGstinLookup" name="test_bad_gstin" time="0.066" /><testcase classname="tests.test_iteration12_new_features" name="test_regression_endpoint_ok[/api/billing/products]" time="0.065" /><testcase classname="tests.test_iteration12_new_features.TestGstinLookup" name="test_requires_auth" time="0.110" /><testcase classname="tests.test_iteration12_new_features" name="test_regression_endpoint_ok[/api/billing/customers]" time="0.082" /><testcase classname="tests.test_iteration12_new_features" name="test_regression_endpoint_ok[/api/billing/suppliers]" time="0.073" /><testcase classname="tests.test_iteration12_new_features.TestConvertInvoice" name="test_convert_quotation_to_tax" time="0.263" /><testcase classname="tests.test_iteration12_new_features" name="test_regression_endpoint_ok[/api/ledgers]" time="0.076" /><testcase classname="tests.test_iteration12_new_features" name="test_regression_endpoint_ok[/api/analytics/summary]" time="0.070" /><testcase classname="tests.test_iteration12_new_features.TestPurchaseBill" name="test_create_and_list_purchase_invoice" time="0.281" /><testcase classname="tests.test_iteration12_new_features.TestConvertInvoice" name="test_convert_tax_returns_400" time="0.213" /><testcase classname="tests.test_iteration12_new_features.TestPartyStatement" name="test_profile_statement_pdf" time="0.450" /></testsuite></testsuites>