<?xml version="1.0" encoding="utf-8"?><testsuites name="pytest tests"><testsuite name="pytest" errors="0" failures="0" skipped="0" tests="7" time="1.098" timestamp="2026-07-30T18:48:15.261357+00:00" hostname="agent-env-1edaa589-651f-45c0-9e1f-6f5301a6aa01"><testcase classname="tests.test_iteration11_billing_regression" name="test_endpoint_returns_ok[/api/billing/invoices]" time="0.547" /><testcase classname="tests.test_iteration11_billing_regression" name="test_endpoint_returns_ok[/api/billing/products]" time="0.077" /><testcase classname="tests.test_iteration11_billing_regression" name="test_endpoint_returns_ok[/api/billing/customers]" time="0.064" /><testcase classname="tests.test_iteration11_billing_regression" name="test_endpoint_returns_ok[/api/billing/suppliers]" time="0.064" /><testcase classname="tests.test_iteration11_billing_regression" name="test_endpoint_returns_ok[/api/ledgers]" time="0.071" /><testcase classname="tests.test_iteration11_billing_regression" name="test_endpoint_returns_ok[/api/udhaar]" time="0.064" /><testcase classname="tests.test_iteration11_billing_regression" name="test_endpoint_returns_ok[/api/analytics/summary]" time="0.165" /></testsuite></testsuites>